app/build/intermediates/manifest_merge_blame_file/release/processReleaseMainManifest/manifest-merger-blame-release-report.txt
1<?xml version="1.0" encoding="utf-8"?>
2<manifest xmlns:android="http://schemas.android.com/apk/res/android"
3    package="com.salmanlaghari.pulsemusicplayerai"
4    android:versionCode="11500"
5    android:versionName="1.15.0" >
6
7    <uses-sdk
8        android:minSdkVersion="24"
9        android:targetSdkVersion="35" />
10
11    <!-- AdMob requires INTERNET and NETWORK_STATE -->
12    <uses-permission android:name="android.permission.INTERNET" />
12-->src/main/AndroidManifest.xml:5:5-67
12-->src/main/AndroidManifest.xml:5:22-64
13    <uses-permission android:name="android.permission.ACCESS_NETWORK_STATE" />
13-->src/main/AndroidManifest.xml:6:5-79
13-->src/main/AndroidManifest.xml:6:22-76
14
15    <!-- Playback background permissions -->
16    <uses-permission android:name="android.permission.FOREGROUND_SERVICE" />
16-->src/main/AndroidManifest.xml:9:5-77
16-->src/main/AndroidManifest.xml:9:22-74
17    <uses-permission android:name="android.permission.FOREGROUND_SERVICE_MEDIA_PLAYBACK" />
17-->src/main/AndroidManifest.xml:10:5-92
17-->src/main/AndroidManifest.xml:10:22-89
18    <uses-permission android:name="android.permission.WAKE_LOCK" />
18-->src/main/AndroidManifest.xml:11:5-68
18-->src/main/AndroidManifest.xml:11:22-65
19
20    <!-- Storage and Media Reading Permissions -->
21    <uses-permission
21-->src/main/AndroidManifest.xml:14:5-107
22        android:name="android.permission.READ_EXTERNAL_STORAGE"
22-->src/main/AndroidManifest.xml:14:22-77
23        android:maxSdkVersion="32" />
23-->src/main/AndroidManifest.xml:14:78-104
24    <uses-permission android:name="android.permission.READ_MEDIA_AUDIO" />
24-->src/main/AndroidManifest.xml:15:5-75
24-->src/main/AndroidManifest.xml:15:22-72
25
26    <!-- Notification Permission for Android 13+ (Media Notification drawer control support) -->
27    <uses-permission android:name="android.permission.POST_NOTIFICATIONS" />
27-->src/main/AndroidManifest.xml:18:5-77
27-->src/main/AndroidManifest.xml:18:22-74
28    <uses-permission android:name="com.google.android.gms.permission.AD_ID" />
28-->[com.google.android.gms:play-services-ads-lite:22.6.0] AndroidManifest.xml:26:5-79
28-->[com.google.android.gms:play-services-ads-lite:22.6.0] AndroidManifest.xml:26:22-76
29    <uses-permission android:name="android.permission.ACCESS_ADSERVICES_AD_ID" />
29-->[com.google.android.gms:play-services-ads-lite:22.6.0] AndroidManifest.xml:27:5-82
29-->[com.google.android.gms:play-services-ads-lite:22.6.0] AndroidManifest.xml:27:22-79
30    <uses-permission android:name="android.permission.ACCESS_ADSERVICES_ATTRIBUTION" />
30-->[com.google.android.gms:play-services-ads-lite:22.6.0] AndroidManifest.xml:28:5-88
30-->[com.google.android.gms:play-services-ads-lite:22.6.0] AndroidManifest.xml:28:22-85
31    <uses-permission android:name="android.permission.ACCESS_ADSERVICES_TOPICS" /> <!-- Android package visibility setting -->
31-->[com.google.android.gms:play-services-ads-lite:22.6.0] AndroidManifest.xml:29:5-83
31-->[com.google.android.gms:play-services-ads-lite:22.6.0] AndroidManifest.xml:29:22-80
32    <queries>
32-->[com.google.android.gms:play-services-ads-lite:22.6.0] AndroidManifest.xml:35:5-51:15
33
34        <!-- For browser content -->
35        <intent>
35-->[com.google.android.gms:play-services-ads-lite:22.6.0] AndroidManifest.xml:38:9-44:18
36            <action android:name="android.intent.action.VIEW" />
36-->[com.google.android.gms:play-services-ads-lite:22.6.0] AndroidManifest.xml:39:13-65
36-->[com.google.android.gms:play-services-ads-lite:22.6.0] AndroidManifest.xml:39:21-62
37
38            <category android:name="android.intent.category.BROWSABLE" />
38-->[com.google.android.gms:play-services-ads-lite:22.6.0] AndroidManifest.xml:41:13-74
38-->[com.google.android.gms:play-services-ads-lite:22.6.0] AndroidManifest.xml:41:23-71
39
40            <data android:scheme="https" />
40-->[com.google.android.gms:play-services-ads-lite:22.6.0] AndroidManifest.xml:43:13-44
40-->[com.google.android.gms:play-services-ads-lite:22.6.0] AndroidManifest.xml:43:19-41
41        </intent>
42        <!-- End of browser content -->
43        <!-- For CustomTabsService -->
44        <intent>
44-->[com.google.android.gms:play-services-ads-lite:22.6.0] AndroidManifest.xml:47:9-49:18
45            <action android:name="android.support.customtabs.action.CustomTabsService" />
45-->[com.google.android.gms:play-services-ads-lite:22.6.0] AndroidManifest.xml:48:13-90
45-->[com.google.android.gms:play-services-ads-lite:22.6.0] AndroidManifest.xml:48:21-87
46        </intent>
47        <!-- End of CustomTabsService -->
48    </queries>
49
50    <permission
50-->[androidx.core:core:1.13.1] AndroidManifest.xml:22:5-24:47
51        android:name="com.salmanlaghari.pulsemusicplayerai.DYNAMIC_RECEIVER_NOT_EXPORTED_PERMISSION"
51-->[androidx.core:core:1.13.1] AndroidManifest.xml:23:9-81
52        android:protectionLevel="signature" />
52-->[androidx.core:core:1.13.1] AndroidManifest.xml:24:9-44
53
54    <uses-permission android:name="com.salmanlaghari.pulsemusicplayerai.DYNAMIC_RECEIVER_NOT_EXPORTED_PERMISSION" />
54-->[androidx.core:core:1.13.1] AndroidManifest.xml:26:5-97
54-->[androidx.core:core:1.13.1] AndroidManifest.xml:26:22-94
55
56    <application
56-->src/main/AndroidManifest.xml:20:5-63:19
57        android:name="com.salmanlaghari.pulsemusicplayerai.PulseApplication"
57-->src/main/AndroidManifest.xml:21:9-41
58        android:allowBackup="true"
58-->src/main/AndroidManifest.xml:22:9-35
59        android:appComponentFactory="androidx.core.app.CoreComponentFactory"
59-->[androidx.core:core:1.13.1] AndroidManifest.xml:28:18-86
60        android:extractNativeLibs="false"
61        android:icon="@mipmap/ic_launcher"
61-->src/main/AndroidManifest.xml:23:9-43
62        android:label="@string/app_name"
62-->src/main/AndroidManifest.xml:24:9-41
63        android:networkSecurityConfig="@xml/network_security_config"
63-->src/main/AndroidManifest.xml:25:9-69
64        android:roundIcon="@mipmap/ic_launcher_round"
64-->src/main/AndroidManifest.xml:26:9-54
65        android:supportsRtl="true"
65-->src/main/AndroidManifest.xml:27:9-35
66        android:theme="@style/Theme.PulseMusicPlayerAI"
66-->src/main/AndroidManifest.xml:28:9-56
67        android:usesCleartextTraffic="true" >
67-->src/main/AndroidManifest.xml:29:9-44
68
69        <!-- AdMob App ID -->
70        <meta-data
70-->src/main/AndroidManifest.xml:32:9-34:70
71            android:name="com.google.android.gms.ads.APPLICATION_ID"
71-->src/main/AndroidManifest.xml:33:13-69
72            android:value="ca-app-pub-8178045957849630~3776473332" />
72-->src/main/AndroidManifest.xml:34:13-67
73
74        <!-- Crash diagnostic details screen -->
75        <activity
75-->src/main/AndroidManifest.xml:37:9-40:63
76            android:name="com.salmanlaghari.pulsemusicplayerai.presentation.ui.CrashDetailsActivity"
76-->src/main/AndroidManifest.xml:38:13-65
77            android:exported="false"
77-->src/main/AndroidManifest.xml:39:13-37
78            android:theme="@style/Theme.PulseMusicPlayerAI" />
78-->src/main/AndroidManifest.xml:40:13-60
79        <activity
79-->src/main/AndroidManifest.xml:42:9-50:20
80            android:name="com.salmanlaghari.pulsemusicplayerai.MainActivity"
80-->src/main/AndroidManifest.xml:43:13-41
81            android:exported="true"
81-->src/main/AndroidManifest.xml:44:13-36
82            android:theme="@style/Theme.PulseMusicPlayerAI.Splash" >
82-->src/main/AndroidManifest.xml:45:13-67
83            <intent-filter>
83-->src/main/AndroidManifest.xml:46:13-49:29
84                <action android:name="android.intent.action.MAIN" />
84-->src/main/AndroidManifest.xml:47:17-69
84-->src/main/AndroidManifest.xml:47:25-66
85
86                <category android:name="android.intent.category.LAUNCHER" />
86-->src/main/AndroidManifest.xml:48:17-77
86-->src/main/AndroidManifest.xml:48:27-74
87            </intent-filter>
88        </activity>
89
90        <!-- Media3 Playback Background Service -->
91        <service
91-->src/main/AndroidManifest.xml:53:9-62:19
92            android:name="com.salmanlaghari.pulsemusicplayerai.core.service.PlaybackService"
92-->src/main/AndroidManifest.xml:54:13-57
93            android:enabled="true"
93-->src/main/AndroidManifest.xml:55:13-35
94            android:exported="true"
94-->src/main/AndroidManifest.xml:56:13-36
95            android:foregroundServiceType="mediaPlayback" >
95-->src/main/AndroidManifest.xml:57:13-58
96            <intent-filter>
96-->src/main/AndroidManifest.xml:58:13-61:29
97                <action android:name="androidx.media3.session.MediaSessionService" />
97-->src/main/AndroidManifest.xml:59:17-86
97-->src/main/AndroidManifest.xml:59:25-83
98                <action android:name="android.intent.action.MEDIA_BUTTON" />
98-->src/main/AndroidManifest.xml:60:17-77
98-->src/main/AndroidManifest.xml:60:25-74
99            </intent-filter>
100        </service>
101        <!-- Include the AdActivity and InAppPurchaseActivity configChanges and themes. -->
102        <activity
102-->[com.google.android.gms:play-services-ads-lite:22.6.0] AndroidManifest.xml:56:9-61:43
103            android:name="com.google.android.gms.ads.AdActivity"
103-->[com.google.android.gms:play-services-ads-lite:22.6.0] AndroidManifest.xml:57:13-65
104            android:configChanges="keyboard|keyboardHidden|orientation|screenLayout|uiMode|screenSize|smallestScreenSize"
104-->[com.google.android.gms:play-services-ads-lite:22.6.0] AndroidManifest.xml:58:13-122
105            android:exported="false"
105-->[com.google.android.gms:play-services-ads-lite:22.6.0] AndroidManifest.xml:59:13-37
106            android:theme="@android:style/Theme.Translucent" />
106-->[com.google.android.gms:play-services-ads-lite:22.6.0] AndroidManifest.xml:60:13-61
107
108        <provider
108-->[com.google.android.gms:play-services-ads-lite:22.6.0] AndroidManifest.xml:63:9-68:43
109            android:name="com.google.android.gms.ads.MobileAdsInitProvider"
109-->[com.google.android.gms:play-services-ads-lite:22.6.0] AndroidManifest.xml:64:13-76
110            android:authorities="com.salmanlaghari.pulsemusicplayerai.mobileadsinitprovider"
110-->[com.google.android.gms:play-services-ads-lite:22.6.0] AndroidManifest.xml:65:13-73
111            android:exported="false"
111-->[com.google.android.gms:play-services-ads-lite:22.6.0] AndroidManifest.xml:66:13-37
112            android:initOrder="100" />
112-->[com.google.android.gms:play-services-ads-lite:22.6.0] AndroidManifest.xml:67:13-36
113
114        <service
114-->[com.google.android.gms:play-services-ads-lite:22.6.0] AndroidManifest.xml:70:9-74:43
115            android:name="com.google.android.gms.ads.AdService"
115-->[com.google.android.gms:play-services-ads-lite:22.6.0] AndroidManifest.xml:71:13-64
116            android:enabled="true"
116-->[com.google.android.gms:play-services-ads-lite:22.6.0] AndroidManifest.xml:72:13-35
117            android:exported="false" />
117-->[com.google.android.gms:play-services-ads-lite:22.6.0] AndroidManifest.xml:73:13-37
118
119        <activity
119-->[com.google.android.gms:play-services-ads-lite:22.6.0] AndroidManifest.xml:76:9-80:43
120            android:name="com.google.android.gms.ads.OutOfContextTestingActivity"
120-->[com.google.android.gms:play-services-ads-lite:22.6.0] AndroidManifest.xml:77:13-82
121            android:configChanges="keyboard|keyboardHidden|orientation|screenLayout|uiMode|screenSize|smallestScreenSize"
121-->[com.google.android.gms:play-services-ads-lite:22.6.0] AndroidManifest.xml:78:13-122
122            android:exported="false" />
122-->[com.google.android.gms:play-services-ads-lite:22.6.0] AndroidManifest.xml:79:13-37
123        <activity
123-->[com.google.android.gms:play-services-ads-lite:22.6.0] AndroidManifest.xml:81:9-88:43
124            android:name="com.google.android.gms.ads.NotificationHandlerActivity"
124-->[com.google.android.gms:play-services-ads-lite:22.6.0] AndroidManifest.xml:82:13-82
125            android:excludeFromRecents="true"
125-->[com.google.android.gms:play-services-ads-lite:22.6.0] AndroidManifest.xml:83:13-46
126            android:exported="false"
126-->[com.google.android.gms:play-services-ads-lite:22.6.0] AndroidManifest.xml:84:13-37
127            android:launchMode="singleTask"
127-->[com.google.android.gms:play-services-ads-lite:22.6.0] AndroidManifest.xml:85:13-44
128            android:taskAffinity=""
128-->[com.google.android.gms:play-services-ads-lite:22.6.0] AndroidManifest.xml:86:13-36
129            android:theme="@android:style/Theme.Translucent.NoTitleBar" />
129-->[com.google.android.gms:play-services-ads-lite:22.6.0] AndroidManifest.xml:87:13-72
130
131        <property
131-->[com.google.android.gms:play-services-ads-lite:22.6.0] AndroidManifest.xml:90:9-92:62
132            android:name="android.adservices.AD_SERVICES_CONFIG"
132-->[com.google.android.gms:play-services-ads-lite:22.6.0] AndroidManifest.xml:91:13-65
133            android:resource="@xml/gma_ad_services_config" />
133-->[com.google.android.gms:play-services-ads-lite:22.6.0] AndroidManifest.xml:92:13-59
134
135        <activity
135-->[com.google.android.gms:play-services-base:18.0.0] AndroidManifest.xml:20:9-22:45
136            android:name="com.google.android.gms.common.api.GoogleApiActivity"
136-->[com.google.android.gms:play-services-base:18.0.0] AndroidManifest.xml:20:19-85
137            android:exported="false"
137-->[com.google.android.gms:play-services-base:18.0.0] AndroidManifest.xml:22:19-43
138            android:theme="@android:style/Theme.Translucent.NoTitleBar" />
138-->[com.google.android.gms:play-services-base:18.0.0] AndroidManifest.xml:21:19-78
139
140        <meta-data
140-->[com.google.android.gms:play-services-basement:18.2.0] AndroidManifest.xml:21:9-23:69
141            android:name="com.google.android.gms.version"
141-->[com.google.android.gms:play-services-basement:18.2.0] AndroidManifest.xml:22:13-58
142            android:value="@integer/google_play_services_version" />
142-->[com.google.android.gms:play-services-basement:18.2.0] AndroidManifest.xml:23:13-66
143
144        <provider
144-->[androidx.work:work-runtime:2.7.0] AndroidManifest.xml:31:9-39:20
145            android:name="androidx.startup.InitializationProvider"
145-->[androidx.work:work-runtime:2.7.0] AndroidManifest.xml:32:13-67
146            android:authorities="com.salmanlaghari.pulsemusicplayerai.androidx-startup"
146-->[androidx.work:work-runtime:2.7.0] AndroidManifest.xml:33:13-68
147            android:exported="false" >
147-->[androidx.work:work-runtime:2.7.0] AndroidManifest.xml:34:13-37
148            <meta-data
148-->[androidx.work:work-runtime:2.7.0] AndroidManifest.xml:36:13-38:52
149                android:name="androidx.work.WorkManagerInitializer"
149-->[androidx.work:work-runtime:2.7.0] AndroidManifest.xml:37:17-68
150                android:value="androidx.startup" />
150-->[androidx.work:work-runtime:2.7.0] AndroidManifest.xml:38:17-49
151            <meta-data
151-->[androidx.emoji2:emoji2:1.3.0] AndroidManifest.xml:29:13-31:52
152                android:name="androidx.emoji2.text.EmojiCompatInitializer"
152-->[androidx.emoji2:emoji2:1.3.0] AndroidManifest.xml:30:17-75
153                android:value="androidx.startup" />
153-->[androidx.emoji2:emoji2:1.3.0] AndroidManifest.xml:31:17-49
154            <meta-data
154-->[androidx.lifecycle:lifecycle-process:2.8.3] AndroidManifest.xml:29:13-31:52
155                android:name="androidx.lifecycle.ProcessLifecycleInitializer"
155-->[androidx.lifecycle:lifecycle-process:2.8.3] AndroidManifest.xml:30:17-78
156                android:value="androidx.startup" />
156-->[androidx.lifecycle:lifecycle-process:2.8.3] AndroidManifest.xml:31:17-49
157            <meta-data
157-->[androidx.profileinstaller:profileinstaller:1.3.1] AndroidManifest.xml:29:13-31:52
158                android:name="androidx.profileinstaller.ProfileInstallerInitializer"
158-->[androidx.profileinstaller:profileinstaller:1.3.1] AndroidManifest.xml:30:17-85
159                android:value="androidx.startup" />
159-->[androidx.profileinstaller:profileinstaller:1.3.1] AndroidManifest.xml:31:17-49
160        </provider>
161
162        <service
162-->[androidx.work:work-runtime:2.7.0] AndroidManifest.xml:41:9-46:35
163            android:name="androidx.work.impl.background.systemalarm.SystemAlarmService"
163-->[androidx.work:work-runtime:2.7.0] AndroidManifest.xml:42:13-88
164            android:directBootAware="false"
164-->[androidx.work:work-runtime:2.7.0] AndroidManifest.xml:43:13-44
165            android:enabled="@bool/enable_system_alarm_service_default"
165-->[androidx.work:work-runtime:2.7.0] AndroidManifest.xml:44:13-72
166            android:exported="false" />
166-->[androidx.work:work-runtime:2.7.0] AndroidManifest.xml:45:13-37
167        <service
167-->[androidx.work:work-runtime:2.7.0] AndroidManifest.xml:47:9-53:35
168            android:name="androidx.work.impl.background.systemjob.SystemJobService"
168-->[androidx.work:work-runtime:2.7.0] AndroidManifest.xml:48:13-84
169            android:directBootAware="false"
169-->[androidx.work:work-runtime:2.7.0] AndroidManifest.xml:49:13-44
170            android:enabled="@bool/enable_system_job_service_default"
170-->[androidx.work:work-runtime:2.7.0] AndroidManifest.xml:50:13-70
171            android:exported="true"
171-->[androidx.work:work-runtime:2.7.0] AndroidManifest.xml:51:13-36
172            android:permission="android.permission.BIND_JOB_SERVICE" />
172-->[androidx.work:work-runtime:2.7.0] AndroidManifest.xml:52:13-69
173        <service
173-->[androidx.work:work-runtime:2.7.0] AndroidManifest.xml:54:9-59:35
174            android:name="androidx.work.impl.foreground.SystemForegroundService"
174-->[androidx.work:work-runtime:2.7.0] AndroidManifest.xml:55:13-81
175            android:directBootAware="false"
175-->[androidx.work:work-runtime:2.7.0] AndroidManifest.xml:56:13-44
176            android:enabled="@bool/enable_system_foreground_service_default"
176-->[androidx.work:work-runtime:2.7.0] AndroidManifest.xml:57:13-77
177            android:exported="false" />
177-->[androidx.work:work-runtime:2.7.0] AndroidManifest.xml:58:13-37
178
179        <receiver
179-->[androidx.work:work-runtime:2.7.0] AndroidManifest.xml:61:9-66:35
180            android:name="androidx.work.impl.utils.ForceStopRunnable$BroadcastReceiver"
180-->[androidx.work:work-runtime:2.7.0] AndroidManifest.xml:62:13-88
181            android:directBootAware="false"
181-->[androidx.work:work-runtime:2.7.0] AndroidManifest.xml:63:13-44
182            android:enabled="true"
182-->[androidx.work:work-runtime:2.7.0] AndroidManifest.xml:64:13-35
183            android:exported="false" />
183-->[androidx.work:work-runtime:2.7.0] AndroidManifest.xml:65:13-37
184        <receiver
184-->[androidx.work:work-runtime:2.7.0] AndroidManifest.xml:67:9-77:20
185            android:name="androidx.work.impl.background.systemalarm.ConstraintProxy$BatteryChargingProxy"
185-->[androidx.work:work-runtime:2.7.0] AndroidManifest.xml:68:13-106
186            android:directBootAware="false"
186-->[androidx.work:work-runtime:2.7.0] AndroidManifest.xml:69:13-44
187            android:enabled="false"
187-->[androidx.work:work-runtime:2.7.0] AndroidManifest.xml:70:13-36
188            android:exported="false" >
188-->[androidx.work:work-runtime:2.7.0] AndroidManifest.xml:71:13-37
189            <intent-filter>
189-->[androidx.work:work-runtime:2.7.0] AndroidManifest.xml:73:13-76:29
190                <action android:name="android.intent.action.ACTION_POWER_CONNECTED" />
190-->[androidx.work:work-runtime:2.7.0] AndroidManifest.xml:74:17-87
190-->[androidx.work:work-runtime:2.7.0] AndroidManifest.xml:74:25-84
191                <action android:name="android.intent.action.ACTION_POWER_DISCONNECTED" />
191-->[androidx.work:work-runtime:2.7.0] AndroidManifest.xml:75:17-90
191-->[androidx.work:work-runtime:2.7.0] AndroidManifest.xml:75:25-87
192            </intent-filter>
193        </receiver>
194        <receiver
194-->[androidx.work:work-runtime:2.7.0] AndroidManifest.xml:78:9-88:20
195            android:name="androidx.work.impl.background.systemalarm.ConstraintProxy$BatteryNotLowProxy"
195-->[androidx.work:work-runtime:2.7.0] AndroidManifest.xml:79:13-104
196            android:directBootAware="false"
196-->[androidx.work:work-runtime:2.7.0] AndroidManifest.xml:80:13-44
197            android:enabled="false"
197-->[androidx.work:work-runtime:2.7.0] AndroidManifest.xml:81:13-36
198            android:exported="false" >
198-->[androidx.work:work-runtime:2.7.0] AndroidManifest.xml:82:13-37
199            <intent-filter>
199-->[androidx.work:work-runtime:2.7.0] AndroidManifest.xml:84:13-87:29
200                <action android:name="android.intent.action.BATTERY_OKAY" />
200-->[androidx.work:work-runtime:2.7.0] AndroidManifest.xml:85:17-77
200-->[androidx.work:work-runtime:2.7.0] AndroidManifest.xml:85:25-74
201                <action android:name="android.intent.action.BATTERY_LOW" />
201-->[androidx.work:work-runtime:2.7.0] AndroidManifest.xml:86:17-76
201-->[androidx.work:work-runtime:2.7.0] AndroidManifest.xml:86:25-73
202            </intent-filter>
203        </receiver>
204        <receiver
204-->[androidx.work:work-runtime:2.7.0] AndroidManifest.xml:89:9-99:20
205            android:name="androidx.work.impl.background.systemalarm.ConstraintProxy$StorageNotLowProxy"
205-->[androidx.work:work-runtime:2.7.0] AndroidManifest.xml:90:13-104
206            android:directBootAware="false"
206-->[androidx.work:work-runtime:2.7.0] AndroidManifest.xml:91:13-44
207            android:enabled="false"
207-->[androidx.work:work-runtime:2.7.0] AndroidManifest.xml:92:13-36
208            android:exported="false" >
208-->[androidx.work:work-runtime:2.7.0] AndroidManifest.xml:93:13-37
209            <intent-filter>
209-->[androidx.work:work-runtime:2.7.0] AndroidManifest.xml:95:13-98:29
210                <action android:name="android.intent.action.DEVICE_STORAGE_LOW" />
210-->[androidx.work:work-runtime:2.7.0] AndroidManifest.xml:96:17-83
210-->[androidx.work:work-runtime:2.7.0] AndroidManifest.xml:96:25-80
211                <action android:name="android.intent.action.DEVICE_STORAGE_OK" />
211-->[androidx.work:work-runtime:2.7.0] AndroidManifest.xml:97:17-82
211-->[androidx.work:work-runtime:2.7.0] AndroidManifest.xml:97:25-79
212            </intent-filter>
213        </receiver>
214        <receiver
214-->[androidx.work:work-runtime:2.7.0] AndroidManifest.xml:100:9-109:20
215            android:name="androidx.work.impl.background.systemalarm.ConstraintProxy$NetworkStateProxy"
215-->[androidx.work:work-runtime:2.7.0] AndroidManifest.xml:101:13-103
216            android:directBootAware="false"
216-->[androidx.work:work-runtime:2.7.0] AndroidManifest.xml:102:13-44
217            android:enabled="false"
217-->[androidx.work:work-runtime:2.7.0] AndroidManifest.xml:103:13-36
218            android:exported="false" >
218-->[androidx.work:work-runtime:2.7.0] AndroidManifest.xml:104:13-37
219            <intent-filter>
219-->[androidx.work:work-runtime:2.7.0] AndroidManifest.xml:106:13-108:29
220                <action android:name="android.net.conn.CONNECTIVITY_CHANGE" />
220-->[androidx.work:work-runtime:2.7.0] AndroidManifest.xml:107:17-79
220-->[androidx.work:work-runtime:2.7.0] AndroidManifest.xml:107:25-76
221            </intent-filter>
222        </receiver>
223        <receiver
223-->[androidx.work:work-runtime:2.7.0] AndroidManifest.xml:110:9-121:20
224            android:name="androidx.work.impl.background.systemalarm.RescheduleReceiver"
224-->[androidx.work:work-runtime:2.7.0] AndroidManifest.xml:111:13-88
225            android:directBootAware="false"
225-->[androidx.work:work-runtime:2.7.0] AndroidManifest.xml:112:13-44
226            android:enabled="false"
226-->[androidx.work:work-runtime:2.7.0] AndroidManifest.xml:113:13-36
227            android:exported="false" >
227-->[androidx.work:work-runtime:2.7.0] AndroidManifest.xml:114:13-37
228            <intent-filter>
228-->[androidx.work:work-runtime:2.7.0] AndroidManifest.xml:116:13-120:29
229                <action android:name="android.intent.action.BOOT_COMPLETED" />
229-->[androidx.work:work-runtime:2.7.0] AndroidManifest.xml:117:17-79
229-->[androidx.work:work-runtime:2.7.0] AndroidManifest.xml:117:25-76
230                <action android:name="android.intent.action.TIME_SET" />
230-->[androidx.work:work-runtime:2.7.0] AndroidManifest.xml:118:17-73
230-->[androidx.work:work-runtime:2.7.0] AndroidManifest.xml:118:25-70
231                <action android:name="android.intent.action.TIMEZONE_CHANGED" />
231-->[androidx.work:work-runtime:2.7.0] AndroidManifest.xml:119:17-81
231-->[androidx.work:work-runtime:2.7.0] AndroidManifest.xml:119:25-78
232            </intent-filter>
233        </receiver>
234        <receiver
234-->[androidx.work:work-runtime:2.7.0] AndroidManifest.xml:122:9-131:20
235            android:name="androidx.work.impl.background.systemalarm.ConstraintProxyUpdateReceiver"
235-->[androidx.work:work-runtime:2.7.0] AndroidManifest.xml:123:13-99
236            android:directBootAware="false"
236-->[androidx.work:work-runtime:2.7.0] AndroidManifest.xml:124:13-44
237            android:enabled="@bool/enable_system_alarm_service_default"
237-->[androidx.work:work-runtime:2.7.0] AndroidManifest.xml:125:13-72
238            android:exported="false" >
238-->[androidx.work:work-runtime:2.7.0] AndroidManifest.xml:126:13-37
239            <intent-filter>
239-->[androidx.work:work-runtime:2.7.0] AndroidManifest.xml:128:13-130:29
240                <action android:name="androidx.work.impl.background.systemalarm.UpdateProxies" />
240-->[androidx.work:work-runtime:2.7.0] AndroidManifest.xml:129:17-98
240-->[androidx.work:work-runtime:2.7.0] AndroidManifest.xml:129:25-95
241            </intent-filter>
242        </receiver>
243        <receiver
243-->[androidx.work:work-runtime:2.7.0] AndroidManifest.xml:132:9-142:20
244            android:name="androidx.work.impl.diagnostics.DiagnosticsReceiver"
244-->[androidx.work:work-runtime:2.7.0] AndroidManifest.xml:133:13-78
245            android:directBootAware="false"
245-->[androidx.work:work-runtime:2.7.0] AndroidManifest.xml:134:13-44
246            android:enabled="true"
246-->[androidx.work:work-runtime:2.7.0] AndroidManifest.xml:135:13-35
247            android:exported="true"
247-->[androidx.work:work-runtime:2.7.0] AndroidManifest.xml:136:13-36
248            android:permission="android.permission.DUMP" >
248-->[androidx.work:work-runtime:2.7.0] AndroidManifest.xml:137:13-57
249            <intent-filter>
249-->[androidx.work:work-runtime:2.7.0] AndroidManifest.xml:139:13-141:29
250                <action android:name="androidx.work.diagnostics.REQUEST_DIAGNOSTICS" />
250-->[androidx.work:work-runtime:2.7.0] AndroidManifest.xml:140:17-88
250-->[androidx.work:work-runtime:2.7.0] AndroidManifest.xml:140:25-85
251            </intent-filter>
252        </receiver>
253
254        <uses-library
254-->[androidx.privacysandbox.ads:ads-adservices:1.0.0-beta05] AndroidManifest.xml:23:9-25:40
255            android:name="android.ext.adservices"
255-->[androidx.privacysandbox.ads:ads-adservices:1.0.0-beta05] AndroidManifest.xml:24:13-50
256            android:required="false" />
256-->[androidx.privacysandbox.ads:ads-adservices:1.0.0-beta05] AndroidManifest.xml:25:13-37
257
258        <receiver
258-->[androidx.profileinstaller:profileinstaller:1.3.1] AndroidManifest.xml:34:9-52:20
259            android:name="androidx.profileinstaller.ProfileInstallReceiver"
259-->[androidx.profileinstaller:profileinstaller:1.3.1] AndroidManifest.xml:35:13-76
260            android:directBootAware="false"
260-->[androidx.profileinstaller:profileinstaller:1.3.1] AndroidManifest.xml:36:13-44
261            android:enabled="true"
261-->[androidx.profileinstaller:profileinstaller:1.3.1] AndroidManifest.xml:37:13-35
262            android:exported="true"
262-->[androidx.profileinstaller:profileinstaller:1.3.1] AndroidManifest.xml:38:13-36
263            android:permission="android.permission.DUMP" >
263-->[androidx.profileinstaller:profileinstaller:1.3.1] AndroidManifest.xml:39:13-57
264            <intent-filter>
264-->[androidx.profileinstaller:profileinstaller:1.3.1] AndroidManifest.xml:40:13-42:29
265                <action android:name="androidx.profileinstaller.action.INSTALL_PROFILE" />
265-->[androidx.profileinstaller:profileinstaller:1.3.1] AndroidManifest.xml:41:17-91
265-->[androidx.profileinstaller:profileinstaller:1.3.1] AndroidManifest.xml:41:25-88
266            </intent-filter>
267            <intent-filter>
267-->[androidx.profileinstaller:profileinstaller:1.3.1] AndroidManifest.xml:43:13-45:29
268                <action android:name="androidx.profileinstaller.action.SKIP_FILE" />
268-->[androidx.profileinstaller:profileinstaller:1.3.1] AndroidManifest.xml:44:17-85
268-->[androidx.profileinstaller:profileinstaller:1.3.1] AndroidManifest.xml:44:25-82
269            </intent-filter>
270            <intent-filter>
270-->[androidx.profileinstaller:profileinstaller:1.3.1] AndroidManifest.xml:46:13-48:29
271                <action android:name="androidx.profileinstaller.action.SAVE_PROFILE" />
271-->[androidx.profileinstaller:profileinstaller:1.3.1] AndroidManifest.xml:47:17-88
271-->[androidx.profileinstaller:profileinstaller:1.3.1] AndroidManifest.xml:47:25-85
272            </intent-filter>
273            <intent-filter>
273-->[androidx.profileinstaller:profileinstaller:1.3.1] AndroidManifest.xml:49:13-51:29
274                <action android:name="androidx.profileinstaller.action.BENCHMARK_OPERATION" />
274-->[androidx.profileinstaller:profileinstaller:1.3.1] AndroidManifest.xml:50:17-95
274-->[androidx.profileinstaller:profileinstaller:1.3.1] AndroidManifest.xml:50:25-92
275            </intent-filter>